<?xml version="1.0" encoding="UTF-8"?>
<!-- Generated by org.testng.reporters.JUnitReportReporter -->
<testsuite skipped="0" hostname="DESKTOP-B0O3T20" name="MyRunner.TestRunner" tests="2" failures="0" timestamp="02 Aug 2020 13:55:05 GMT" time="40.743" errors="0">
  <testcase name="feature" time="20.968" classname="MyRunner.TestRunner"/>
  <testcase name="feature" time="19.775" classname="MyRunner.TestRunner"/>
</testsuite> <!-- MyRunner.TestRunner -->
